<?xml version="1.0" encoding="UTF-8"?>
<!-- Generated by org.testng.reporters.JUnitReportReporter -->
<testsuite hostname="DESKTOP-RPMO6KI" failures="0" tests="1" name="runner.TestRunner" time="24.234" errors="0" timestamp="2022-06-21T20:04:40 IST" skipped="0">
  <testcase classname="runner.TestRunner" name="runScenario" time="24.234"/>
  <system-out/>
</testsuite> <!-- runner.TestRunner -->
