<?xml version="1.0" encoding="UTF-8"?>
<!-- Generated by org.testng.reporters.JUnitReportReporter -->
<testsuite hostname="DESKTOP-RPMO6KI" failures="0" tests="1" name="learning.TestMain" time="2.052" errors="0" timestamp="2022-06-18T17:20:39 IST" skipped="0">
  <testcase classname="learning.TestMain" name="baseTest" time="2.052"/>
  <system-out/>
</testsuite> <!-- learning.TestMain -->
