<?xml version="1.0" encoding="UTF-8"?>
<!-- Generated by org.testng.reporters.JUnitReportReporter -->
<testsuite hostname="DESKTOP-RPMO6KI" failures="0" tests="1" name="runner.TestRunner" time="20.753" errors="0" timestamp="2022-06-18T17:59:05 IST" skipped="0">
  <testcase classname="runner.TestRunner" name="runScenario" time="20.753"/>
  <system-out/>
</testsuite> <!-- runner.TestRunner -->
